2022-12-05 14:01:36,231 INFO o.a.j.u.JMeterUtils: Setting Locale to en_EN
2022-12-05 14:01:36,250 INFO o.a.j.JMeter: Loading user properties from: C:\Users\Miguel\Downloads\apache-jmeter-5.5\bin\user.properties
2022-12-05 14:01:36,251 INFO o.a.j.JMeter: Loading system properties from: C:\Users\Miguel\Downloads\apache-jmeter-5.5\bin\system.properties
2022-12-05 14:01:36,264 INFO o.a.j.JMeter: Copyright (c) 1998-2022 The Apache Software Foundation
2022-12-05 14:01:36,264 INFO o.a.j.JMeter: Version 5.5
2022-12-05 14:01:36,264 INFO o.a.j.JMeter: java.version=11.0.16.1
2022-12-05 14:01:36,264 INFO o.a.j.JMeter: java.vm.name=OpenJDK 64-Bit Server VM
2022-12-05 14:01:36,264 INFO o.a.j.JMeter: os.name=Windows 11
2022-12-05 14:01:36,264 INFO o.a.j.JMeter: os.arch=amd64
2022-12-05 14:01:36,265 INFO o.a.j.JMeter: os.version=10.0
2022-12-05 14:01:36,265 INFO o.a.j.JMeter: file.encoding=Cp1252
2022-12-05 14:01:36,265 INFO o.a.j.JMeter: java.awt.headless=true
2022-12-05 14:01:36,265 INFO o.a.j.JMeter: Max memory     =1073741824
2022-12-05 14:01:36,265 INFO o.a.j.JMeter: Available Processors =12
2022-12-05 14:01:36,274 INFO o.a.j.JMeter: Default Locale=English (EN)
2022-12-05 14:01:36,275 INFO o.a.j.JMeter: JMeter  Locale=English (EN)
2022-12-05 14:01:36,275 INFO o.a.j.JMeter: JMeterHome=C:\Users\Miguel\Downloads\apache-jmeter-5.5
2022-12-05 14:01:36,275 INFO o.a.j.JMeter: user.dir  =C:\Users\Miguel\Desktop\prog\4ano\ASCN\Guiao6
2022-12-05 14:01:36,275 INFO o.a.j.JMeter: PWD       =C:\Users\Miguel\Desktop\prog\4ano\ASCN\Guiao6
2022-12-05 14:01:36,280 INFO o.a.j.JMeter: IP: 192.168.56.1 Name: LAPTOP-JT23AL23 FullName: 192.168.56.1
2022-12-05 14:01:36,301 INFO o.a.j.s.FileServer: Default base='C:\Users\Miguel\Desktop\prog\4ano\ASCN\Guiao6'
2022-12-05 14:01:36,301 INFO o.a.j.s.FileServer: Set new base='C:\Users\Miguel\Desktop\prog\4ano\ASCN\Guiao6\.'
2022-12-05 14:01:36,489 INFO o.a.j.s.SaveService: Testplan (JMX) version: 2.2. Testlog (JTL) version: 2.2
2022-12-05 14:01:36,508 INFO o.a.j.s.SaveService: Using SaveService properties version 5.0
2022-12-05 14:01:36,511 INFO o.a.j.s.SaveService: Using SaveService properties file encoding UTF-8
2022-12-05 14:01:36,514 INFO o.a.j.s.SaveService: Loading file: .\Thread Group.jmx
2022-12-05 14:01:36,571 INFO o.a.j.p.h.s.HTTPSamplerBase: Parser for text/html is org.apache.jmeter.protocol.http.parser.LagartoBasedHtmlParser
2022-12-05 14:01:36,571 INFO o.a.j.p.h.s.HTTPSamplerBase: Parser for application/xhtml+xml is org.apache.jmeter.protocol.http.parser.LagartoBasedHtmlParser
2022-12-05 14:01:36,571 INFO o.a.j.p.h.s.HTTPSamplerBase: Parser for application/xml is org.apache.jmeter.protocol.http.parser.LagartoBasedHtmlParser
2022-12-05 14:01:36,571 INFO o.a.j.p.h.s.HTTPSamplerBase: Parser for text/xml is org.apache.jmeter.protocol.http.parser.LagartoBasedHtmlParser
2022-12-05 14:01:36,571 INFO o.a.j.p.h.s.HTTPSamplerBase: Parser for text/vnd.wap.wml is org.apache.jmeter.protocol.http.parser.RegexpHTMLParser
2022-12-05 14:01:36,571 INFO o.a.j.p.h.s.HTTPSamplerBase: Parser for text/css is org.apache.jmeter.protocol.http.parser.CssParser
2022-12-05 14:01:36,598 INFO o.a.j.JMeter: Creating summariser <summary>
2022-12-05 14:01:36,612 INFO o.a.j.e.StandardJMeterEngine: Running the test!
2022-12-05 14:01:36,613 INFO o.a.j.s.SampleEvent: List of sample_variables: []
2022-12-05 14:01:36,613 INFO o.a.j.s.SampleEvent: List of sample_variables: []
2022-12-05 14:01:36,629 INFO o.a.j.e.u.CompoundVariable: Note: Function class names must contain the string: '.functions.'
2022-12-05 14:01:36,629 INFO o.a.j.e.u.CompoundVariable: Note: Function class names must not contain the string: '.gui.'
2022-12-05 14:01:37,026 INFO o.a.j.JMeter: Running test (1670248897026)
2022-12-05 14:01:37,046 INFO o.a.j.e.StandardJMeterEngine: Starting ThreadGroup: 1 : Thread Group
2022-12-05 14:01:37,046 INFO o.a.j.e.StandardJMeterEngine: Starting 500 threads for group Thread Group.
2022-12-05 14:01:37,046 INFO o.a.j.e.StandardJMeterEngine: Thread will continue on error
2022-12-05 14:01:37,046 INFO o.a.j.t.ThreadGroup: Starting thread group... number=1 threads=500 ramp-up=1 delayedStart=false
2022-12-05 14:01:37,061 INFO o.a.j.t.JMeterThread: Thread started: Thread Group 1-4
2022-12-05 14:01:37,061 INFO o.a.j.t.JMeterThread: Thread started: Thread Group 1-5
2022-12-05 14:01:37,061 INFO o.a.j.t.JMeterThread: Thread started: Thread Group 1-3
2022-12-05 14:01:37,061 INFO o.a.j.t.JMeterThread: Thread started: Thread Group 1-6
2022-12-05 14:01:37,061 INFO o.a.j.t.JMeterThread: Thread started: Thread Group 1-1
2022-12-05 14:01:37,061 INFO o.a.j.t.JMeterThread: Thread started: Thread Group 1-2
2022-12-05 14:01:37,063 INFO o.a.j.t.JMeterThread: Thread started: Thread Group 1-7
2022-12-05 14:01:37,064 INFO o.a.j.t.JMeterThread: Thread started: Thread Group 1-8
2022-12-05 14:01:37,065 INFO o.a.j.t.JMeterThread: Thread started: Thread Group 1-9
2022-12-05 14:01:37,066 INFO o.a.j.t.JMeterThread: Thread started: Thread Group 1-10
2022-12-05 14:01:37,069 INFO o.a.j.t.JMeterThread: Thread started: Thread Group 1-11
2022-12-05 14:01:37,071 INFO o.a.j.t.JMeterThread: Thread started: Thread Group 1-12
2022-12-05 14:01:37,073 INFO o.a.j.t.JMeterThread: Thread started: Thread Group 1-13
2022-12-05 14:01:37,077 INFO o.a.j.t.JMeterThread: Thread started: Thread Group 1-14
2022-12-05 14:01:37,077 INFO o.a.j.t.JMeterThread: Thread started: Thread Group 1-15
2022-12-05 14:01:37,079 INFO o.a.j.t.JMeterThread: Thread started: Thread Group 1-16
2022-12-05 14:01:37,080 INFO o.a.j.t.JMeterThread: Thread started: Thread Group 1-17
2022-12-05 14:01:37,081 INFO o.a.j.t.JMeterThread: Thread started: Thread Group 1-18
2022-12-05 14:01:37,082 INFO o.a.j.t.JMeterThread: Thread started: Thread Group 1-19
2022-12-05 14:01:37,086 INFO o.a.j.t.JMeterThread: Thread started: Thread Group 1-20
2022-12-05 14:01:37,088 INFO o.a.j.t.JMeterThread: Thread started: Thread Group 1-21
2022-12-05 14:01:37,089 INFO o.a.j.t.JMeterThread: Thread started: Thread Group 1-22
2022-12-05 14:01:37,092 INFO o.a.j.t.JMeterThread: Thread started: Thread Group 1-23
2022-12-05 14:01:37,094 INFO o.a.j.t.JMeterThread: Thread started: Thread Group 1-24
2022-12-05 14:01:37,096 INFO o.a.j.t.JMeterThread: Thread started: Thread Group 1-25
2022-12-05 14:01:37,096 INFO o.a.j.t.JMeterThread: Thread started: Thread Group 1-26
2022-12-05 14:01:37,101 INFO o.a.j.t.JMeterThread: Thread started: Thread Group 1-27
2022-12-05 14:01:37,101 INFO o.a.j.t.JMeterThread: Thread started: Thread Group 1-28
2022-12-05 14:01:37,104 INFO o.a.j.t.JMeterThread: Thread started: Thread Group 1-29
2022-12-05 14:01:37,105 INFO o.a.j.t.JMeterThread: Thread started: Thread Group 1-30
2022-12-05 14:01:37,107 INFO o.a.j.t.JMeterThread: Thread started: Thread Group 1-31
2022-12-05 14:01:37,108 INFO o.a.j.t.JMeterThread: Thread started: Thread Group 1-32
2022-12-05 14:01:37,111 INFO o.a.j.t.JMeterThread: Thread started: Thread Group 1-33
2022-12-05 14:01:37,113 INFO o.a.j.t.JMeterThread: Thread started: Thread Group 1-34
2022-12-05 14:01:37,114 INFO o.a.j.t.JMeterThread: Thread started: Thread Group 1-35
2022-12-05 14:01:37,117 INFO o.a.j.t.JMeterThread: Thread started: Thread Group 1-36
2022-12-05 14:01:37,120 INFO o.a.j.t.JMeterThread: Thread started: Thread Group 1-37
2022-12-05 14:01:37,122 INFO o.a.j.t.JMeterThread: Thread started: Thread Group 1-38
2022-12-05 14:01:37,123 INFO o.a.j.t.JMeterThread: Thread started: Thread Group 1-39
2022-12-05 14:01:37,125 INFO o.a.j.t.JMeterThread: Thread started: Thread Group 1-40
2022-12-05 14:01:37,127 INFO o.a.j.t.JMeterThread: Thread started: Thread Group 1-41
2022-12-05 14:01:37,130 INFO o.a.j.t.JMeterThread: Thread started: Thread Group 1-42
2022-12-05 14:01:37,131 INFO o.a.j.t.JMeterThread: Thread started: Thread Group 1-43
2022-12-05 14:01:37,133 INFO o.a.j.t.JMeterThread: Thread started: Thread Group 1-44
2022-12-05 14:01:37,135 INFO o.a.j.t.JMeterThread: Thread started: Thread Group 1-45
2022-12-05 14:01:37,138 INFO o.a.j.t.JMeterThread: Thread started: Thread Group 1-46
2022-12-05 14:01:37,138 INFO o.a.j.t.JMeterThread: Thread started: Thread Group 1-47
2022-12-05 14:01:37,140 INFO o.a.j.t.JMeterThread: Thread started: Thread Group 1-48
2022-12-05 14:01:37,144 INFO o.a.j.t.JMeterThread: Thread started: Thread Group 1-49
2022-12-05 14:01:37,146 INFO o.a.j.t.JMeterThread: Thread started: Thread Group 1-51
2022-12-05 14:01:37,146 INFO o.a.j.t.JMeterThread: Thread started: Thread Group 1-50
2022-12-05 14:01:37,148 INFO o.a.j.t.JMeterThread: Thread started: Thread Group 1-52
2022-12-05 14:01:37,150 INFO o.a.j.t.JMeterThread: Thread started: Thread Group 1-53
2022-12-05 14:01:37,152 INFO o.a.j.t.JMeterThread: Thread started: Thread Group 1-54
2022-12-05 14:01:37,155 INFO o.a.j.t.JMeterThread: Thread started: Thread Group 1-55
2022-12-05 14:01:37,158 INFO o.a.j.t.JMeterThread: Thread started: Thread Group 1-56
2022-12-05 14:01:37,159 INFO o.a.j.t.JMeterThread: Thread started: Thread Group 1-57
2022-12-05 14:01:37,160 INFO o.a.j.t.JMeterThread: Thread started: Thread Group 1-58
2022-12-05 14:01:37,162 INFO o.a.j.t.JMeterThread: Thread started: Thread Group 1-59
2022-12-05 14:01:37,165 INFO o.a.j.t.JMeterThread: Thread started: Thread Group 1-60
2022-12-05 14:01:37,167 INFO o.a.j.t.JMeterThread: Thread started: Thread Group 1-61
2022-12-05 14:01:37,169 INFO o.a.j.t.JMeterThread: Thread started: Thread Group 1-62
2022-12-05 14:01:37,170 INFO o.a.j.t.JMeterThread: Thread started: Thread Group 1-63
2022-12-05 14:01:37,172 INFO o.a.j.t.JMeterThread: Thread started: Thread Group 1-64
2022-12-05 14:01:37,175 INFO o.a.j.t.JMeterThread: Thread started: Thread Group 1-65
2022-12-05 14:01:37,177 INFO o.a.j.t.JMeterThread: Thread started: Thread Group 1-66
2022-12-05 14:01:37,179 INFO o.a.j.t.JMeterThread: Thread started: Thread Group 1-67
2022-12-05 14:01:37,180 INFO o.a.j.t.JMeterThread: Thread started: Thread Group 1-68
2022-12-05 14:01:37,182 INFO o.a.j.t.JMeterThread: Thread started: Thread Group 1-69
2022-12-05 14:01:37,183 INFO o.a.j.t.ThreadGroup: Started thread group number 1
2022-12-05 14:01:37,183 INFO o.a.j.e.StandardJMeterEngine: All thread groups have been started
2022-12-05 14:01:37,184 INFO o.a.j.t.JMeterThread: Thread started: Thread Group 1-70
2022-12-05 14:01:37,187 INFO o.a.j.t.JMeterThread: Thread started: Thread Group 1-71
2022-12-05 14:01:37,189 INFO o.a.j.t.JMeterThread: Thread started: Thread Group 1-72
2022-12-05 14:01:37,190 INFO o.a.j.t.JMeterThread: Thread started: Thread Group 1-73
2022-12-05 14:01:37,192 INFO o.a.j.t.JMeterThread: Thread started: Thread Group 1-74
2022-12-05 14:01:37,194 INFO o.a.j.t.JMeterThread: Thread started: Thread Group 1-75
2022-12-05 14:01:37,197 INFO o.a.j.t.JMeterThread: Thread started: Thread Group 1-76
2022-12-05 14:01:37,199 INFO o.a.j.t.JMeterThread: Thread started: Thread Group 1-77
2022-12-05 14:01:37,200 INFO o.a.j.t.JMeterThread: Thread started: Thread Group 1-78
2022-12-05 14:01:37,202 INFO o.a.j.t.JMeterThread: Thread started: Thread Group 1-79
2022-12-05 14:01:37,204 INFO o.a.j.t.JMeterThread: Thread started: Thread Group 1-80
2022-12-05 14:01:37,206 INFO o.a.j.t.JMeterThread: Thread started: Thread Group 1-81
2022-12-05 14:01:37,210 INFO o.a.j.t.JMeterThread: Thread started: Thread Group 1-82
2022-12-05 14:01:37,211 INFO o.a.j.t.JMeterThread: Thread started: Thread Group 1-83
2022-12-05 14:01:37,213 INFO o.a.j.t.JMeterThread: Thread started: Thread Group 1-84
2022-12-05 14:01:37,215 INFO o.a.j.t.JMeterThread: Thread started: Thread Group 1-85
2022-12-05 14:01:37,218 INFO o.a.j.t.JMeterThread: Thread started: Thread Group 1-86
2022-12-05 14:01:37,220 INFO o.a.j.t.JMeterThread: Thread started: Thread Group 1-87
2022-12-05 14:01:37,221 INFO o.a.j.t.JMeterThread: Thread started: Thread Group 1-88
2022-12-05 14:01:37,223 INFO o.a.j.t.JMeterThread: Thread started: Thread Group 1-89
2022-12-05 14:01:37,226 INFO o.a.j.t.JMeterThread: Thread started: Thread Group 1-90
2022-12-05 14:01:37,227 INFO o.a.j.t.JMeterThread: Thread started: Thread Group 1-91
2022-12-05 14:01:37,229 INFO o.a.j.t.JMeterThread: Thread started: Thread Group 1-92
2022-12-05 14:01:37,231 INFO o.a.j.t.JMeterThread: Thread started: Thread Group 1-93
2022-12-05 14:01:37,234 INFO o.a.j.t.JMeterThread: Thread started: Thread Group 1-94
2022-12-05 14:01:37,236 INFO o.a.j.t.JMeterThread: Thread started: Thread Group 1-95
2022-12-05 14:01:37,237 INFO o.a.j.t.JMeterThread: Thread started: Thread Group 1-96
2022-12-05 14:01:37,239 INFO o.a.j.t.JMeterThread: Thread started: Thread Group 1-97
2022-12-05 14:01:37,241 INFO o.a.j.t.JMeterThread: Thread started: Thread Group 1-98
2022-12-05 14:01:37,243 INFO o.a.j.t.JMeterThread: Thread started: Thread Group 1-99
2022-12-05 14:01:37,245 INFO o.a.j.t.JMeterThread: Thread started: Thread Group 1-100
2022-12-05 14:01:37,248 INFO o.a.j.t.JMeterThread: Thread started: Thread Group 1-101
2022-12-05 14:01:37,250 INFO o.a.j.t.JMeterThread: Thread started: Thread Group 1-102
2022-12-05 14:01:37,250 INFO o.a.j.t.JMeterThread: Thread started: Thread Group 1-103
2022-12-05 14:01:37,253 INFO o.a.j.t.JMeterThread: Thread started: Thread Group 1-104
2022-12-05 14:01:37,255 INFO o.a.j.t.JMeterThread: Thread started: Thread Group 1-105
2022-12-05 14:01:37,258 INFO o.a.j.t.JMeterThread: Thread started: Thread Group 1-106
2022-12-05 14:01:37,260 INFO o.a.j.t.JMeterThread: Thread started: Thread Group 1-107
2022-12-05 14:01:37,261 INFO o.a.j.t.JMeterThread: Thread started: Thread Group 1-108
2022-12-05 14:01:37,262 INFO o.a.j.t.JMeterThread: Thread started: Thread Group 1-109
2022-12-05 14:01:37,264 INFO o.a.j.t.JMeterThread: Thread started: Thread Group 1-110
2022-12-05 14:01:37,266 INFO o.a.j.t.JMeterThread: Thread started: Thread Group 1-111
2022-12-05 14:01:37,269 INFO o.a.j.t.JMeterThread: Thread started: Thread Group 1-112
2022-12-05 14:01:37,271 INFO o.a.j.t.JMeterThread: Thread started: Thread Group 1-113
2022-12-05 14:01:37,273 INFO o.a.j.t.JMeterThread: Thread started: Thread Group 1-114
2022-12-05 14:01:37,274 INFO o.a.j.t.JMeterThread: Thread started: Thread Group 1-115
2022-12-05 14:01:37,276 INFO o.a.j.t.JMeterThread: Thread started: Thread Group 1-116
2022-12-05 14:01:37,279 INFO o.a.j.t.JMeterThread: Thread started: Thread Group 1-117
2022-12-05 14:01:37,282 INFO o.a.j.t.JMeterThread: Thread started: Thread Group 1-118
2022-12-05 14:01:37,282 INFO o.a.j.t.JMeterThread: Thread started: Thread Group 1-119
2022-12-05 14:01:37,284 INFO o.a.j.t.JMeterThread: Thread started: Thread Group 1-120
2022-12-05 14:01:37,286 INFO o.a.j.t.JMeterThread: Thread started: Thread Group 1-121
2022-12-05 14:01:37,289 INFO o.a.j.t.JMeterThread: Thread started: Thread Group 1-122
2022-12-05 14:01:37,292 INFO o.a.j.t.JMeterThread: Thread started: Thread Group 1-123
2022-12-05 14:01:37,293 INFO o.a.j.t.JMeterThread: Thread started: Thread Group 1-124
2022-12-05 14:01:37,294 INFO o.a.j.t.JMeterThread: Thread started: Thread Group 1-125
2022-12-05 14:01:37,297 INFO o.a.j.t.JMeterThread: Thread started: Thread Group 1-126
2022-12-05 14:01:37,299 INFO o.a.j.t.JMeterThread: Thread started: Thread Group 1-127
2022-12-05 14:01:37,301 INFO o.a.j.t.JMeterThread: Thread started: Thread Group 1-128
2022-12-05 14:01:37,302 INFO o.a.j.t.JMeterThread: Thread started: Thread Group 1-129
2022-12-05 14:01:37,305 INFO o.a.j.t.JMeterThread: Thread started: Thread Group 1-130
2022-12-05 14:01:37,307 INFO o.a.j.t.JMeterThread: Thread started: Thread Group 1-131
2022-12-05 14:01:37,309 INFO o.a.j.t.JMeterThread: Thread started: Thread Group 1-132
2022-12-05 14:01:37,311 INFO o.a.j.t.JMeterThread: Thread started: Thread Group 1-133
2022-12-05 14:01:37,313 INFO o.a.j.t.JMeterThread: Thread started: Thread Group 1-134
2022-12-05 14:01:37,314 INFO o.a.j.t.JMeterThread: Thread started: Thread Group 1-135
2022-12-05 14:01:37,316 INFO o.a.j.t.JMeterThread: Thread started: Thread Group 1-136
2022-12-05 14:01:37,319 INFO o.a.j.t.JMeterThread: Thread started: Thread Group 1-137
2022-12-05 14:01:37,321 INFO o.a.j.t.JMeterThread: Thread started: Thread Group 1-138
2022-12-05 14:01:37,322 INFO o.a.j.t.JMeterThread: Thread started: Thread Group 1-139
2022-12-05 14:01:37,325 INFO o.a.j.t.JMeterThread: Thread started: Thread Group 1-140
2022-12-05 14:01:37,327 INFO o.a.j.t.JMeterThread: Thread started: Thread Group 1-141
2022-12-05 14:01:37,328 INFO o.a.j.t.JMeterThread: Thread started: Thread Group 1-142
2022-12-05 14:01:37,330 INFO o.a.j.t.JMeterThread: Thread started: Thread Group 1-143
2022-12-05 14:01:37,332 INFO o.a.j.t.JMeterThread: Thread started: Thread Group 1-144
2022-12-05 14:01:37,336 INFO o.a.j.t.JMeterThread: Thread started: Thread Group 1-145
2022-12-05 14:01:37,338 INFO o.a.j.t.JMeterThread: Thread started: Thread Group 1-146
2022-12-05 14:01:37,338 INFO o.a.j.t.JMeterThread: Thread started: Thread Group 1-147
2022-12-05 14:01:37,340 INFO o.a.j.t.JMeterThread: Thread started: Thread Group 1-148
2022-12-05 14:01:37,348 INFO o.a.j.t.JMeterThread: Thread started: Thread Group 1-149
2022-12-05 14:01:37,350 INFO o.a.j.t.JMeterThread: Thread started: Thread Group 1-152
2022-12-05 14:01:37,350 INFO o.a.j.t.JMeterThread: Thread started: Thread Group 1-150
2022-12-05 14:01:37,351 INFO o.a.j.t.JMeterThread: Thread started: Thread Group 1-153
2022-12-05 14:01:37,352 INFO o.a.j.t.JMeterThread: Thread started: Thread Group 1-151
2022-12-05 14:01:37,353 INFO o.a.j.t.JMeterThread: Thread started: Thread Group 1-154
2022-12-05 14:01:37,356 INFO o.a.j.t.JMeterThread: Thread started: Thread Group 1-155
2022-12-05 14:01:37,357 INFO o.a.j.t.JMeterThread: Thread started: Thread Group 1-156
2022-12-05 14:01:37,359 INFO o.a.j.t.JMeterThread: Thread started: Thread Group 1-157
2022-12-05 14:01:37,360 INFO o.a.j.t.JMeterThread: Thread started: Thread Group 1-158
2022-12-05 14:01:37,362 INFO o.a.j.t.JMeterThread: Thread started: Thread Group 1-159
2022-12-05 14:01:37,365 INFO o.a.j.t.JMeterThread: Thread started: Thread Group 1-160
2022-12-05 14:01:37,368 INFO o.a.j.t.JMeterThread: Thread started: Thread Group 1-161
2022-12-05 14:01:37,369 INFO o.a.j.t.JMeterThread: Thread started: Thread Group 1-162
2022-12-05 14:01:37,372 INFO o.a.j.t.JMeterThread: Thread started: Thread Group 1-163
2022-12-05 14:01:37,374 INFO o.a.j.t.JMeterThread: Thread started: Thread Group 1-164
2022-12-05 14:01:37,375 INFO o.a.j.t.JMeterThread: Thread started: Thread Group 1-165
2022-12-05 14:01:37,377 INFO o.a.j.t.JMeterThread: Thread started: Thread Group 1-166
2022-12-05 14:01:37,378 INFO o.a.j.t.JMeterThread: Thread started: Thread Group 1-167
2022-12-05 14:01:37,382 INFO o.a.j.t.JMeterThread: Thread started: Thread Group 1-168
2022-12-05 14:01:37,384 INFO o.a.j.t.JMeterThread: Thread started: Thread Group 1-170
2022-12-05 14:01:37,384 INFO o.a.j.t.JMeterThread: Thread started: Thread Group 1-169
2022-12-05 14:01:37,386 INFO o.a.j.t.JMeterThread: Thread started: Thread Group 1-171
2022-12-05 14:01:37,389 INFO o.a.j.t.JMeterThread: Thread started: Thread Group 1-172
2022-12-05 14:01:37,390 INFO o.a.j.t.JMeterThread: Thread started: Thread Group 1-173
2022-12-05 14:01:37,392 INFO o.a.j.t.JMeterThread: Thread started: Thread Group 1-174
2022-12-05 14:01:37,395 INFO o.a.j.p.h.s.HTTPHCAbstractImpl: Local host = LAPTOP-JT23AL23
2022-12-05 14:01:37,395 INFO o.a.j.t.JMeterThread: Thread started: Thread Group 1-175
2022-12-05 14:01:37,398 INFO o.a.j.t.JMeterThread: Thread started: Thread Group 1-176
2022-12-05 14:01:37,399 INFO o.a.j.t.JMeterThread: Thread started: Thread Group 1-177
2022-12-05 14:01:37,401 INFO o.a.j.t.JMeterThread: Thread started: Thread Group 1-178
2022-12-05 14:01:37,401 INFO o.a.j.p.h.s.HTTPHC4Impl: HTTP request retry count = 0
2022-12-05 14:01:37,403 INFO o.a.j.t.JMeterThread: Thread started: Thread Group 1-179
2022-12-05 14:01:37,403 INFO o.a.j.s.SampleResult: Note: Sample TimeStamps are START times
2022-12-05 14:01:37,403 INFO o.a.j.s.SampleResult: sampleresult.default.encoding is set to ISO-8859-1
2022-12-05 14:01:37,403 INFO o.a.j.s.SampleResult: sampleresult.useNanoTime=true
2022-12-05 14:01:37,403 INFO o.a.j.s.SampleResult: sampleresult.nanoThreadSleep=5000
2022-12-05 14:01:37,405 INFO o.a.j.t.JMeterThread: Thread started: Thread Group 1-180
2022-12-05 14:01:37,409 INFO o.a.j.t.JMeterThread: Thread started: Thread Group 1-182
2022-12-05 14:01:37,409 INFO o.a.j.t.JMeterThread: Thread started: Thread Group 1-181
2022-12-05 14:01:37,411 INFO o.a.j.t.JMeterThread: Thread started: Thread Group 1-183
2022-12-05 14:01:37,413 INFO o.a.j.t.JMeterThread: Thread started: Thread Group 1-184
2022-12-05 14:01:37,416 INFO o.a.j.t.JMeterThread: Thread started: Thread Group 1-185
2022-12-05 14:01:37,417 INFO o.a.j.t.JMeterThread: Thread started: Thread Group 1-186
2022-12-05 14:01:37,419 INFO o.a.j.t.JMeterThread: Thread started: Thread Group 1-187
2022-12-05 14:01:37,422 INFO o.a.j.t.JMeterThread: Thread started: Thread Group 1-188
2022-12-05 14:01:37,423 INFO o.a.j.t.JMeterThread: Thread started: Thread Group 1-189
2022-12-05 14:01:37,426 INFO o.a.j.t.JMeterThread: Thread started: Thread Group 1-190
2022-12-05 14:01:37,427 INFO o.a.j.t.JMeterThread: Thread started: Thread Group 1-191
2022-12-05 14:01:37,429 INFO o.a.j.t.JMeterThread: Thread started: Thread Group 1-192
2022-12-05 14:01:37,431 INFO o.a.j.t.JMeterThread: Thread started: Thread Group 1-193
2022-12-05 14:01:37,437 INFO o.a.j.t.JMeterThread: Thread started: Thread Group 1-195
2022-12-05 14:01:37,437 INFO o.a.j.t.JMeterThread: Thread started: Thread Group 1-196
2022-12-05 14:01:37,436 INFO o.a.j.t.JMeterThread: Thread started: Thread Group 1-194
2022-12-05 14:01:37,440 INFO o.a.j.t.JMeterThread: Thread started: Thread Group 1-197
2022-12-05 14:01:37,441 INFO o.a.j.t.JMeterThread: Thread started: Thread Group 1-198
2022-12-05 14:01:37,445 INFO o.a.j.t.JMeterThread: Thread started: Thread Group 1-199
2022-12-05 14:01:37,446 INFO o.a.j.t.JMeterThread: Thread started: Thread Group 1-200
2022-12-05 14:01:37,450 INFO o.a.j.t.JMeterThread: Thread started: Thread Group 1-201
2022-12-05 14:01:37,451 INFO o.a.j.t.JMeterThread: Thread started: Thread Group 1-202
2022-12-05 14:01:37,452 INFO o.a.j.t.JMeterThread: Thread started: Thread Group 1-203
2022-12-05 14:01:37,453 INFO o.a.j.t.JMeterThread: Thread started: Thread Group 1-204
2022-12-05 14:01:37,456 INFO o.a.j.t.JMeterThread: Thread started: Thread Group 1-205
2022-12-05 14:01:37,458 INFO o.a.j.t.JMeterThread: Thread started: Thread Group 1-206
2022-12-05 14:01:37,458 INFO o.a.j.t.JMeterThread: Thread started: Thread Group 1-207
2022-12-05 14:01:37,461 INFO o.a.j.t.JMeterThread: Thread started: Thread Group 1-208
2022-12-05 14:01:37,464 INFO o.a.j.t.JMeterThread: Thread started: Thread Group 1-209
2022-12-05 14:01:37,466 INFO o.a.j.t.JMeterThread: Thread started: Thread Group 1-210
2022-12-05 14:01:37,468 INFO o.a.j.t.JMeterThread: Thread started: Thread Group 1-211
2022-12-05 14:01:37,469 INFO o.a.j.t.JMeterThread: Thread started: Thread Group 1-212
2022-12-05 14:01:37,471 INFO o.a.j.t.JMeterThread: Thread started: Thread Group 1-213
2022-12-05 14:01:37,473 INFO o.a.j.t.JMeterThread: Thread started: Thread Group 1-214
2022-12-05 14:01:37,475 INFO o.a.j.t.JMeterThread: Thread started: Thread Group 1-215
2022-12-05 14:01:37,478 INFO o.a.j.t.JMeterThread: Thread started: Thread Group 1-216
2022-12-05 14:01:37,481 INFO o.a.j.t.JMeterThread: Thread started: Thread Group 1-217
2022-12-05 14:01:37,483 INFO o.a.j.t.JMeterThread: Thread started: Thread Group 1-219
2022-12-05 14:01:37,483 INFO o.a.j.t.JMeterThread: Thread started: Thread Group 1-218
2022-12-05 14:01:37,485 INFO o.a.j.t.JMeterThread: Thread started: Thread Group 1-220
2022-12-05 14:01:37,488 INFO o.a.j.t.JMeterThread: Thread started: Thread Group 1-221
2022-12-05 14:01:37,489 INFO o.a.j.t.JMeterThread: Thread started: Thread Group 1-222
2022-12-05 14:01:37,491 INFO o.a.j.t.JMeterThread: Thread started: Thread Group 1-223
2022-12-05 14:01:37,492 INFO o.a.j.t.JMeterThread: Thread started: Thread Group 1-224
2022-12-05 14:01:37,495 INFO o.a.j.t.JMeterThread: Thread started: Thread Group 1-225
2022-12-05 14:01:37,497 INFO o.a.j.t.JMeterThread: Thread started: Thread Group 1-226
2022-12-05 14:01:37,498 INFO o.a.j.t.JMeterThread: Thread started: Thread Group 1-227
2022-12-05 14:01:37,500 INFO o.a.j.t.JMeterThread: Thread started: Thread Group 1-228
2022-12-05 14:01:37,503 INFO o.a.j.t.JMeterThread: Thread started: Thread Group 1-229
2022-12-05 14:01:37,505 INFO o.a.j.t.JMeterThread: Thread started: Thread Group 1-230
2022-12-05 14:01:37,506 INFO o.a.j.t.JMeterThread: Thread started: Thread Group 1-231
2022-12-05 14:01:37,508 INFO o.a.j.t.JMeterThread: Thread started: Thread Group 1-232
2022-12-05 14:01:37,510 INFO o.a.j.t.JMeterThread: Thread started: Thread Group 1-233
2022-12-05 14:01:37,514 INFO o.a.j.t.JMeterThread: Thread started: Thread Group 1-234
2022-12-05 14:01:37,516 INFO o.a.j.t.JMeterThread: Thread started: Thread Group 1-235
2022-12-05 14:01:37,517 INFO o.a.j.t.JMeterThread: Thread started: Thread Group 1-236
2022-12-05 14:01:37,518 INFO o.a.j.t.JMeterThread: Thread started: Thread Group 1-237
2022-12-05 14:01:37,520 INFO o.a.j.t.JMeterThread: Thread started: Thread Group 1-238
2022-12-05 14:01:37,522 INFO o.a.j.t.JMeterThread: Thread started: Thread Group 1-239
2022-12-05 14:01:37,525 INFO o.a.j.t.JMeterThread: Thread started: Thread Group 1-240
2022-12-05 14:01:37,526 INFO o.a.j.t.JMeterThread: Thread started: Thread Group 1-241
2022-12-05 14:01:37,538 INFO o.a.j.t.JMeterThread: Thread started: Thread Group 1-246
2022-12-05 14:01:37,538 INFO o.a.j.t.JMeterThread: Thread started: Thread Group 1-245
2022-12-05 14:01:37,538 INFO o.a.j.t.JMeterThread: Thread started: Thread Group 1-244
2022-12-05 14:01:37,538 INFO o.a.j.t.JMeterThread: Thread started: Thread Group 1-243
2022-12-05 14:01:37,538 INFO o.a.j.t.JMeterThread: Thread started: Thread Group 1-242
2022-12-05 14:01:37,539 INFO o.a.j.t.JMeterThread: Thread started: Thread Group 1-247
2022-12-05 14:01:37,540 INFO o.a.j.t.JMeterThread: Thread started: Thread Group 1-248
2022-12-05 14:01:37,550 INFO o.a.j.t.JMeterThread: Thread started: Thread Group 1-252
2022-12-05 14:01:37,550 INFO o.a.j.t.JMeterThread: Thread started: Thread Group 1-251
2022-12-05 14:01:37,550 INFO o.a.j.t.JMeterThread: Thread started: Thread Group 1-250
2022-12-05 14:01:37,550 INFO o.a.j.t.JMeterThread: Thread started: Thread Group 1-249
2022-12-05 14:01:37,551 INFO o.a.j.t.JMeterThread: Thread started: Thread Group 1-253
2022-12-05 14:01:37,553 INFO o.a.j.t.JMeterThread: Thread started: Thread Group 1-254
2022-12-05 14:01:37,554 INFO o.a.j.t.JMeterThread: Thread started: Thread Group 1-255
2022-12-05 14:01:37,556 INFO o.a.j.t.JMeterThread: Thread started: Thread Group 1-256
2022-12-05 14:01:37,559 INFO o.a.j.t.JMeterThread: Thread started: Thread Group 1-257
2022-12-05 14:01:37,561 INFO o.a.j.t.JMeterThread: Thread started: Thread Group 1-258
2022-12-05 14:01:37,563 INFO o.a.j.t.JMeterThread: Thread started: Thread Group 1-259
2022-12-05 14:01:37,565 INFO o.a.j.t.JMeterThread: Thread started: Thread Group 1-260
2022-12-05 14:01:37,566 INFO o.a.j.t.JMeterThread: Thread started: Thread Group 1-261
2022-12-05 14:01:37,568 INFO o.a.j.t.JMeterThread: Thread started: Thread Group 1-262
2022-12-05 14:01:37,571 INFO o.a.j.t.JMeterThread: Thread started: Thread Group 1-263
2022-12-05 14:01:37,573 INFO o.a.j.t.JMeterThread: Thread started: Thread Group 1-264
2022-12-05 14:01:37,575 INFO o.a.j.t.JMeterThread: Thread started: Thread Group 1-265
2022-12-05 14:01:37,576 INFO o.a.j.t.JMeterThread: Thread started: Thread Group 1-266
2022-12-05 14:01:37,578 INFO o.a.j.t.JMeterThread: Thread started: Thread Group 1-267
2022-12-05 14:01:37,582 INFO o.a.j.t.JMeterThread: Thread started: Thread Group 1-268
2022-12-05 14:01:37,584 INFO o.a.j.t.JMeterThread: Thread started: Thread Group 1-269
2022-12-05 14:01:37,585 INFO o.a.j.t.JMeterThread: Thread started: Thread Group 1-270
2022-12-05 14:01:37,586 INFO o.a.j.t.JMeterThread: Thread started: Thread Group 1-271
2022-12-05 14:01:37,588 INFO o.a.j.t.JMeterThread: Thread started: Thread Group 1-272
2022-12-05 14:01:37,590 INFO o.a.j.t.JMeterThread: Thread started: Thread Group 1-273
2022-12-05 14:01:37,593 INFO o.a.j.t.JMeterThread: Thread started: Thread Group 1-274
2022-12-05 14:01:37,596 INFO o.a.j.t.JMeterThread: Thread started: Thread Group 1-275
2022-12-05 14:01:37,597 INFO o.a.j.t.JMeterThread: Thread started: Thread Group 1-276
2022-12-05 14:01:37,600 INFO o.a.j.t.JMeterThread: Thread started: Thread Group 1-277
2022-12-05 14:01:37,602 INFO o.a.j.t.JMeterThread: Thread started: Thread Group 1-278
2022-12-05 14:01:37,602 INFO o.a.j.t.JMeterThread: Thread started: Thread Group 1-279
2022-12-05 14:01:37,604 INFO o.a.j.t.JMeterThread: Thread started: Thread Group 1-280
2022-12-05 14:01:37,608 INFO o.a.j.t.JMeterThread: Thread started: Thread Group 1-281
2022-12-05 14:01:37,610 INFO o.a.j.t.JMeterThread: Thread started: Thread Group 1-282
2022-12-05 14:01:37,611 INFO o.a.j.t.JMeterThread: Thread started: Thread Group 1-283
2022-12-05 14:01:37,613 INFO o.a.j.t.JMeterThread: Thread started: Thread Group 1-284
2022-12-05 14:01:37,615 INFO o.a.j.t.JMeterThread: Thread started: Thread Group 1-285
2022-12-05 14:01:37,616 INFO o.a.j.t.JMeterThread: Thread started: Thread Group 1-286
2022-12-05 14:01:37,619 INFO o.a.j.t.JMeterThread: Thread started: Thread Group 1-287
2022-12-05 14:01:37,620 INFO o.a.j.t.JMeterThread: Thread started: Thread Group 1-288
2022-12-05 14:01:37,622 INFO o.a.j.t.JMeterThread: Thread started: Thread Group 1-289
2022-12-05 14:01:37,625 INFO o.a.j.t.JMeterThread: Thread started: Thread Group 1-290
2022-12-05 14:01:37,628 INFO o.a.j.t.JMeterThread: Thread started: Thread Group 1-291
2022-12-05 14:01:37,629 INFO o.a.j.t.JMeterThread: Thread started: Thread Group 1-292
2022-12-05 14:01:37,630 INFO o.a.j.t.JMeterThread: Thread started: Thread Group 1-293
2022-12-05 14:01:37,632 INFO o.a.j.t.JMeterThread: Thread started: Thread Group 1-294
2022-12-05 14:01:37,635 INFO o.a.j.t.JMeterThread: Thread started: Thread Group 1-295
2022-12-05 14:01:37,637 INFO o.a.j.t.JMeterThread: Thread started: Thread Group 1-296
2022-12-05 14:01:37,641 INFO o.a.j.t.JMeterThread: Thread started: Thread Group 1-297
2022-12-05 14:01:37,642 INFO o.a.j.t.JMeterThread: Thread started: Thread Group 1-298
2022-12-05 14:01:37,644 INFO o.a.j.t.JMeterThread: Thread started: Thread Group 1-299
2022-12-05 14:01:37,645 INFO o.a.j.t.JMeterThread: Thread started: Thread Group 1-300
2022-12-05 14:01:37,647 INFO o.a.j.t.JMeterThread: Thread started: Thread Group 1-301
2022-12-05 14:01:37,648 INFO o.a.j.t.JMeterThread: Thread started: Thread Group 1-302
2022-12-05 14:01:37,650 INFO o.a.j.t.JMeterThread: Thread started: Thread Group 1-303
2022-12-05 14:01:37,653 INFO o.a.j.t.JMeterThread: Thread started: Thread Group 1-304
2022-12-05 14:01:37,655 INFO o.a.j.t.JMeterThread: Thread started: Thread Group 1-305
2022-12-05 14:01:37,658 INFO o.a.j.t.JMeterThread: Thread started: Thread Group 1-306
2022-12-05 14:01:37,658 INFO o.a.j.t.JMeterThread: Thread started: Thread Group 1-307
2022-12-05 14:01:37,661 INFO o.a.j.t.JMeterThread: Thread started: Thread Group 1-308
2022-12-05 14:01:37,663 INFO o.a.j.t.JMeterThread: Thread started: Thread Group 1-309
2022-12-05 14:01:37,664 INFO o.a.j.t.JMeterThread: Thread started: Thread Group 1-310
2022-12-05 14:01:37,666 INFO o.a.j.t.JMeterThread: Thread started: Thread Group 1-311
2022-12-05 14:01:37,670 INFO o.a.j.t.JMeterThread: Thread started: Thread Group 1-312
2022-12-05 14:01:37,672 INFO o.a.j.t.JMeterThread: Thread started: Thread Group 1-313
2022-12-05 14:01:37,672 INFO o.a.j.t.JMeterThread: Thread started: Thread Group 1-314
2022-12-05 14:01:37,674 INFO o.a.j.t.JMeterThread: Thread started: Thread Group 1-315
2022-12-05 14:01:37,677 INFO o.a.j.t.JMeterThread: Thread started: Thread Group 1-316
2022-12-05 14:01:37,679 INFO o.a.j.t.JMeterThread: Thread started: Thread Group 1-317
2022-12-05 14:01:37,681 INFO o.a.j.t.JMeterThread: Thread started: Thread Group 1-318
2022-12-05 14:01:37,693 INFO o.a.j.t.JMeterThread: Thread started: Thread Group 1-321
2022-12-05 14:01:37,693 INFO o.a.j.t.JMeterThread: Thread started: Thread Group 1-319
2022-12-05 14:01:37,693 INFO o.a.j.t.JMeterThread: Thread started: Thread Group 1-320
2022-12-05 14:01:37,693 INFO o.a.j.t.JMeterThread: Thread started: Thread Group 1-323
2022-12-05 14:01:37,693 INFO o.a.j.t.JMeterThread: Thread started: Thread Group 1-322
2022-12-05 14:01:37,694 INFO o.a.j.t.JMeterThread: Thread started: Thread Group 1-324
2022-12-05 14:01:37,696 INFO o.a.j.t.JMeterThread: Thread started: Thread Group 1-325
2022-12-05 14:01:37,697 INFO o.a.j.t.JMeterThread: Thread started: Thread Group 1-326
2022-12-05 14:01:37,699 INFO o.a.j.t.JMeterThread: Thread started: Thread Group 1-327
2022-12-05 14:01:37,702 INFO o.a.j.t.JMeterThread: Thread started: Thread Group 1-328
2022-12-05 14:01:37,704 INFO o.a.j.t.JMeterThread: Thread started: Thread Group 1-329
2022-12-05 14:01:37,705 INFO o.a.j.t.JMeterThread: Thread started: Thread Group 1-330
2022-12-05 14:01:37,707 INFO o.a.j.t.JMeterThread: Thread started: Thread Group 1-331
2022-12-05 14:01:37,709 INFO o.a.j.t.JMeterThread: Thread started: Thread Group 1-332
2022-12-05 14:01:37,712 INFO o.a.j.t.JMeterThread: Thread started: Thread Group 1-333
2022-12-05 14:01:37,714 INFO o.a.j.t.JMeterThread: Thread started: Thread Group 1-334
2022-12-05 14:01:37,715 INFO o.a.j.t.JMeterThread: Thread started: Thread Group 1-335
2022-12-05 14:01:37,717 INFO o.a.j.t.JMeterThread: Thread started: Thread Group 1-336
2022-12-05 14:01:37,719 INFO o.a.j.t.JMeterThread: Thread started: Thread Group 1-337
2022-12-05 14:01:37,722 INFO o.a.j.t.JMeterThread: Thread started: Thread Group 1-338
2022-12-05 14:01:37,723 INFO o.a.j.t.JMeterThread: Thread started: Thread Group 1-339
2022-12-05 14:01:37,726 INFO o.a.j.t.JMeterThread: Thread started: Thread Group 1-340
2022-12-05 14:01:37,728 INFO o.a.j.t.JMeterThread: Thread started: Thread Group 1-341
2022-12-05 14:01:37,730 INFO o.a.j.t.JMeterThread: Thread started: Thread Group 1-342
2022-12-05 14:01:37,731 INFO o.a.j.t.JMeterThread: Thread started: Thread Group 1-343
2022-12-05 14:01:37,734 INFO o.a.j.t.JMeterThread: Thread started: Thread Group 1-344
2022-12-05 14:01:37,736 INFO o.a.j.t.JMeterThread: Thread started: Thread Group 1-345
2022-12-05 14:01:37,738 INFO o.a.j.t.JMeterThread: Thread started: Thread Group 1-346
2022-12-05 14:01:37,739 INFO o.a.j.t.JMeterThread: Thread started: Thread Group 1-347
2022-12-05 14:01:37,741 INFO o.a.j.t.JMeterThread: Thread started: Thread Group 1-348
2022-12-05 14:01:37,744 INFO o.a.j.t.JMeterThread: Thread started: Thread Group 1-349
2022-12-05 14:01:37,746 INFO o.a.j.t.JMeterThread: Thread started: Thread Group 1-350
2022-12-05 14:01:37,747 INFO o.a.j.t.JMeterThread: Thread started: Thread Group 1-351
2022-12-05 14:01:37,749 INFO o.a.j.t.JMeterThread: Thread started: Thread Group 1-352
2022-12-05 14:01:37,751 INFO o.a.j.t.JMeterThread: Thread started: Thread Group 1-353
2022-12-05 14:01:37,753 INFO o.a.j.t.JMeterThread: Thread started: Thread Group 1-354
2022-12-05 14:01:37,756 INFO o.a.j.t.JMeterThread: Thread started: Thread Group 1-355
2022-12-05 14:01:37,758 INFO o.a.j.t.JMeterThread: Thread started: Thread Group 1-357
2022-12-05 14:01:37,758 INFO o.a.j.t.JMeterThread: Thread started: Thread Group 1-356
2022-12-05 14:01:37,760 INFO o.a.j.t.JMeterThread: Thread started: Thread Group 1-358
2022-12-05 14:01:37,763 INFO o.a.j.t.JMeterThread: Thread started: Thread Group 1-359
2022-12-05 14:01:37,765 INFO o.a.j.t.JMeterThread: Thread started: Thread Group 1-360
2022-12-05 14:01:37,768 INFO o.a.j.t.JMeterThread: Thread started: Thread Group 1-361
2022-12-05 14:01:37,769 INFO o.a.j.t.JMeterThread: Thread started: Thread Group 1-362
2022-12-05 14:01:37,771 INFO o.a.j.t.JMeterThread: Thread started: Thread Group 1-363
2022-12-05 14:01:37,773 INFO o.a.j.t.JMeterThread: Thread started: Thread Group 1-364
2022-12-05 14:01:37,774 INFO o.a.j.t.JMeterThread: Thread started: Thread Group 1-365
2022-12-05 14:01:37,776 INFO o.a.j.t.JMeterThread: Thread started: Thread Group 1-366
2022-12-05 14:01:37,778 INFO o.a.j.t.JMeterThread: Thread started: Thread Group 1-367
2022-12-05 14:01:37,781 INFO o.a.j.t.JMeterThread: Thread started: Thread Group 1-368
2022-12-05 14:01:37,784 INFO o.a.j.t.JMeterThread: Thread started: Thread Group 1-369
2022-12-05 14:01:37,784 INFO o.a.j.t.JMeterThread: Thread started: Thread Group 1-370
2022-12-05 14:01:37,787 INFO o.a.j.t.JMeterThread: Thread started: Thread Group 1-371
2022-12-05 14:01:37,789 INFO o.a.j.t.JMeterThread: Thread started: Thread Group 1-372
2022-12-05 14:01:37,791 INFO o.a.j.t.JMeterThread: Thread started: Thread Group 1-373
2022-12-05 14:01:37,794 INFO o.a.j.t.JMeterThread: Thread started: Thread Group 1-375
2022-12-05 14:01:37,794 INFO o.a.j.t.JMeterThread: Thread started: Thread Group 1-374
2022-12-05 14:01:37,796 INFO o.a.j.t.JMeterThread: Thread started: Thread Group 1-376
2022-12-05 14:01:37,798 INFO o.a.j.t.JMeterThread: Thread started: Thread Group 1-377
2022-12-05 14:01:37,802 INFO o.a.j.t.JMeterThread: Thread started: Thread Group 1-378
2022-12-05 14:01:37,804 INFO o.a.j.t.JMeterThread: Thread started: Thread Group 1-379
2022-12-05 14:01:37,804 INFO o.a.j.t.JMeterThread: Thread started: Thread Group 1-380
2022-12-05 14:01:37,806 INFO o.a.j.t.JMeterThread: Thread started: Thread Group 1-381
2022-12-05 14:01:37,809 INFO o.a.j.t.JMeterThread: Thread started: Thread Group 1-382
2022-12-05 14:01:37,811 INFO o.a.j.t.JMeterThread: Thread started: Thread Group 1-383
2022-12-05 14:01:37,812 INFO o.a.j.t.JMeterThread: Thread started: Thread Group 1-384
2022-12-05 14:01:37,815 INFO o.a.j.t.JMeterThread: Thread started: Thread Group 1-385
2022-12-05 14:01:37,817 INFO o.a.j.t.JMeterThread: Thread started: Thread Group 1-386
2022-12-05 14:01:37,818 INFO o.a.j.t.JMeterThread: Thread started: Thread Group 1-387
2022-12-05 14:01:37,821 INFO o.a.j.t.JMeterThread: Thread started: Thread Group 1-388
2022-12-05 14:01:37,823 INFO o.a.j.t.JMeterThread: Thread started: Thread Group 1-389
2022-12-05 14:01:37,825 INFO o.a.j.t.JMeterThread: Thread started: Thread Group 1-390
2022-12-05 14:01:37,826 INFO o.a.j.t.JMeterThread: Thread started: Thread Group 1-391
2022-12-05 14:01:37,828 INFO o.a.j.t.JMeterThread: Thread started: Thread Group 1-392
2022-12-05 14:01:37,830 INFO o.a.j.t.JMeterThread: Thread started: Thread Group 1-393
2022-12-05 14:01:37,833 INFO o.a.j.t.JMeterThread: Thread started: Thread Group 1-394
2022-12-05 14:01:37,835 INFO o.a.j.t.JMeterThread: Thread started: Thread Group 1-395
2022-12-05 14:01:37,838 INFO o.a.j.t.JMeterThread: Thread started: Thread Group 1-396
2022-12-05 14:01:37,840 INFO o.a.j.t.JMeterThread: Thread started: Thread Group 1-397
2022-12-05 14:01:37,841 INFO o.a.j.t.JMeterThread: Thread started: Thread Group 1-398
2022-12-05 14:01:37,843 INFO o.a.j.t.JMeterThread: Thread started: Thread Group 1-399
2022-12-05 14:01:37,845 INFO o.a.j.t.JMeterThread: Thread started: Thread Group 1-400
2022-12-05 14:01:37,847 INFO o.a.j.t.JMeterThread: Thread started: Thread Group 1-401
2022-12-05 14:01:37,848 INFO o.a.j.t.JMeterThread: Thread started: Thread Group 1-402
2022-12-05 14:01:37,851 INFO o.a.j.t.JMeterThread: Thread started: Thread Group 1-403
2022-12-05 14:01:37,853 INFO o.a.j.t.JMeterThread: Thread started: Thread Group 1-404
2022-12-05 14:01:37,856 INFO o.a.j.t.JMeterThread: Thread started: Thread Group 1-405
2022-12-05 14:01:37,858 INFO o.a.j.t.JMeterThread: Thread started: Thread Group 1-406
2022-12-05 14:01:37,859 INFO o.a.j.t.JMeterThread: Thread started: Thread Group 1-407
2022-12-05 14:01:37,861 INFO o.a.j.t.JMeterThread: Thread started: Thread Group 1-408
2022-12-05 14:01:37,862 INFO o.a.j.t.JMeterThread: Thread started: Thread Group 1-409
2022-12-05 14:01:37,866 INFO o.a.j.t.JMeterThread: Thread started: Thread Group 1-410
2022-12-05 14:01:37,867 INFO o.a.j.t.JMeterThread: Thread started: Thread Group 1-411
2022-12-05 14:01:37,869 INFO o.a.j.t.JMeterThread: Thread started: Thread Group 1-412
2022-12-05 14:01:37,871 INFO o.a.j.t.JMeterThread: Thread started: Thread Group 1-413
2022-12-05 14:01:37,874 INFO o.a.j.t.JMeterThread: Thread started: Thread Group 1-414
2022-12-05 14:01:37,876 INFO o.a.j.t.JMeterThread: Thread started: Thread Group 1-415
2022-12-05 14:01:37,876 INFO o.a.j.t.JMeterThread: Thread started: Thread Group 1-416
2022-12-05 14:01:37,878 INFO o.a.j.t.JMeterThread: Thread started: Thread Group 1-417
2022-12-05 14:01:37,880 INFO o.a.j.t.JMeterThread: Thread started: Thread Group 1-418
2022-12-05 14:01:37,883 INFO o.a.j.t.JMeterThread: Thread started: Thread Group 1-419
2022-12-05 14:01:37,885 INFO o.a.j.t.JMeterThread: Thread started: Thread Group 1-420
2022-12-05 14:01:37,887 INFO o.a.j.t.JMeterThread: Thread started: Thread Group 1-421
2022-12-05 14:01:37,889 INFO o.a.j.t.JMeterThread: Thread started: Thread Group 1-422
2022-12-05 14:01:37,890 INFO o.a.j.t.JMeterThread: Thread started: Thread Group 1-423
2022-12-05 14:01:37,893 INFO o.a.j.t.JMeterThread: Thread started: Thread Group 1-424
2022-12-05 14:01:37,895 INFO o.a.j.t.JMeterThread: Thread started: Thread Group 1-425
2022-12-05 14:01:37,897 INFO o.a.j.t.JMeterThread: Thread started: Thread Group 1-426
2022-12-05 14:01:37,899 INFO o.a.j.t.JMeterThread: Thread started: Thread Group 1-427
2022-12-05 14:01:37,901 INFO o.a.j.t.JMeterThread: Thread started: Thread Group 1-428
2022-12-05 14:01:37,904 INFO o.a.j.t.JMeterThread: Thread started: Thread Group 1-429
2022-12-05 14:01:37,906 INFO o.a.j.t.JMeterThread: Thread started: Thread Group 1-430
2022-12-05 14:01:37,907 INFO o.a.j.t.JMeterThread: Thread started: Thread Group 1-431
2022-12-05 14:01:37,908 INFO o.a.j.t.JMeterThread: Thread started: Thread Group 1-432
2022-12-05 14:01:37,911 INFO o.a.j.t.JMeterThread: Thread started: Thread Group 1-433
2022-12-05 14:01:37,912 INFO o.a.j.t.JMeterThread: Thread started: Thread Group 1-434
2022-12-05 14:01:37,914 INFO o.a.j.t.JMeterThread: Thread started: Thread Group 1-435
2022-12-05 14:01:37,916 INFO o.a.j.t.JMeterThread: Thread started: Thread Group 1-436
2022-12-05 14:01:37,918 INFO o.a.j.t.JMeterThread: Thread started: Thread Group 1-437
2022-12-05 14:01:37,922 INFO o.a.j.t.JMeterThread: Thread started: Thread Group 1-438
2022-12-05 14:01:37,923 INFO o.a.j.t.JMeterThread: Thread started: Thread Group 1-439
2022-12-05 14:01:37,925 INFO o.a.j.t.JMeterThread: Thread started: Thread Group 1-440
2022-12-05 14:01:37,928 INFO o.a.j.t.JMeterThread: Thread started: Thread Group 1-441
2022-12-05 14:01:37,929 INFO o.a.j.t.JMeterThread: Thread started: Thread Group 1-442
2022-12-05 14:01:37,931 INFO o.a.j.t.JMeterThread: Thread started: Thread Group 1-443
2022-12-05 14:01:37,933 INFO o.a.j.t.JMeterThread: Thread started: Thread Group 1-444
2022-12-05 14:01:37,936 INFO o.a.j.t.JMeterThread: Thread started: Thread Group 1-445
2022-12-05 14:01:37,937 INFO o.a.j.t.JMeterThread: Thread started: Thread Group 1-446
2022-12-05 14:01:37,940 INFO o.a.j.t.JMeterThread: Thread started: Thread Group 1-447
2022-12-05 14:01:37,942 INFO o.a.j.t.JMeterThread: Thread started: Thread Group 1-448
2022-12-05 14:01:37,944 INFO o.a.j.t.JMeterThread: Thread started: Thread Group 1-449
2022-12-05 14:01:37,945 INFO o.a.j.t.JMeterThread: Thread started: Thread Group 1-450
2022-12-05 14:01:37,947 INFO o.a.j.t.JMeterThread: Thread started: Thread Group 1-451
2022-12-05 14:01:37,948 INFO o.a.j.t.JMeterThread: Thread started: Thread Group 1-452
2022-12-05 14:01:37,951 INFO o.a.j.t.JMeterThread: Thread started: Thread Group 1-453
2022-12-05 14:01:37,954 INFO o.a.j.t.JMeterThread: Thread started: Thread Group 1-454
2022-12-05 14:01:37,956 INFO o.a.j.t.JMeterThread: Thread started: Thread Group 1-455
2022-12-05 14:01:37,957 INFO o.a.j.t.JMeterThread: Thread started: Thread Group 1-456
2022-12-05 14:01:37,959 INFO o.a.j.t.JMeterThread: Thread started: Thread Group 1-457
2022-12-05 14:01:37,961 INFO o.a.j.t.JMeterThread: Thread started: Thread Group 1-458
2022-12-05 14:01:37,964 INFO o.a.j.t.JMeterThread: Thread started: Thread Group 1-459
2022-12-05 14:01:37,965 INFO o.a.j.t.JMeterThread: Thread started: Thread Group 1-460
2022-12-05 14:01:37,967 INFO o.a.j.t.JMeterThread: Thread started: Thread Group 1-461
2022-12-05 14:01:37,970 INFO o.a.j.t.JMeterThread: Thread started: Thread Group 1-462
2022-12-05 14:01:37,973 INFO o.a.j.t.JMeterThread: Thread started: Thread Group 1-463
2022-12-05 14:01:37,974 INFO o.a.j.t.JMeterThread: Thread started: Thread Group 1-464
2022-12-05 14:01:37,975 INFO o.a.j.t.JMeterThread: Thread started: Thread Group 1-465
2022-12-05 14:01:37,977 INFO o.a.j.t.JMeterThread: Thread started: Thread Group 1-466
2022-12-05 14:01:37,980 INFO o.a.j.t.JMeterThread: Thread started: Thread Group 1-467
2022-12-05 14:01:37,981 INFO o.a.j.t.JMeterThread: Thread started: Thread Group 1-468
2022-12-05 14:01:37,983 INFO o.a.j.t.JMeterThread: Thread started: Thread Group 1-469
2022-12-05 14:01:37,986 INFO o.a.j.t.JMeterThread: Thread started: Thread Group 1-470
2022-12-05 14:01:37,988 INFO o.a.j.t.JMeterThread: Thread started: Thread Group 1-471
2022-12-05 14:01:37,990 INFO o.a.j.t.JMeterThread: Thread started: Thread Group 1-472
2022-12-05 14:01:37,992 INFO o.a.j.t.JMeterThread: Thread started: Thread Group 1-473
2022-12-05 14:01:37,994 INFO o.a.j.t.JMeterThread: Thread started: Thread Group 1-474
2022-12-05 14:01:37,994 INFO o.a.j.t.JMeterThread: Thread started: Thread Group 1-475
2022-12-05 14:01:37,996 INFO o.a.j.t.JMeterThread: Thread started: Thread Group 1-476
2022-12-05 14:01:37,998 INFO o.a.j.t.JMeterThread: Thread started: Thread Group 1-477
2022-12-05 14:01:38,002 INFO o.a.j.t.JMeterThread: Thread started: Thread Group 1-478
2022-12-05 14:01:38,004 INFO o.a.j.t.JMeterThread: Thread started: Thread Group 1-479
2022-12-05 14:01:38,004 INFO o.a.j.t.JMeterThread: Thread started: Thread Group 1-480
2022-12-05 14:01:38,006 INFO o.a.j.t.JMeterThread: Thread started: Thread Group 1-481
2022-12-05 14:01:38,009 INFO o.a.j.t.JMeterThread: Thread started: Thread Group 1-482
2022-12-05 14:01:38,011 INFO o.a.j.t.JMeterThread: Thread started: Thread Group 1-483
2022-12-05 14:01:38,013 INFO o.a.j.t.JMeterThread: Thread started: Thread Group 1-484
2022-12-05 14:01:38,014 INFO o.a.j.t.JMeterThread: Thread started: Thread Group 1-485
2022-12-05 14:01:38,016 INFO o.a.j.t.JMeterThread: Thread started: Thread Group 1-486
2022-12-05 14:01:38,019 INFO o.a.j.t.JMeterThread: Thread started: Thread Group 1-487
2022-12-05 14:01:38,022 INFO o.a.j.t.JMeterThread: Thread started: Thread Group 1-488
2022-12-05 14:01:38,023 INFO o.a.j.t.JMeterThread: Thread started: Thread Group 1-489
2022-12-05 14:01:38,024 INFO o.a.j.t.JMeterThread: Thread started: Thread Group 1-490
2022-12-05 14:01:38,026 INFO o.a.j.t.JMeterThread: Thread started: Thread Group 1-491
2022-12-05 14:01:38,028 INFO o.a.j.t.JMeterThread: Thread started: Thread Group 1-492
2022-12-05 14:01:38,031 INFO o.a.j.t.JMeterThread: Thread started: Thread Group 1-493
2022-12-05 14:01:38,033 INFO o.a.j.t.JMeterThread: Thread started: Thread Group 1-494
2022-12-05 14:01:38,034 INFO o.a.j.t.JMeterThread: Thread started: Thread Group 1-495
2022-12-05 14:01:38,036 INFO o.a.j.t.JMeterThread: Thread started: Thread Group 1-496
2022-12-05 14:01:38,039 INFO o.a.j.t.JMeterThread: Thread started: Thread Group 1-497
2022-12-05 14:01:38,041 INFO o.a.j.t.JMeterThread: Thread started: Thread Group 1-498
2022-12-05 14:01:38,042 INFO o.a.j.t.JMeterThread: Thread started: Thread Group 1-499
2022-12-05 14:01:38,044 INFO o.a.j.t.JMeterThread: Thread started: Thread Group 1-500
2022-12-05 14:02:00,020 INFO o.a.j.r.Summariser: summary +    792 in 00:00:23 =   34.4/s Avg:  9708 Min:   356 Max: 14222 Err:     0 (0.00%) Active: 500 Started: 500 Finished: 0
2022-12-05 14:02:30,135 INFO o.a.j.r.Summariser: summary +   1052 in 00:00:30 =   34.9/s Avg: 13598 Min: 12149 Max: 16071 Err:     0 (0.00%) Active: 500 Started: 500 Finished: 0
2022-12-05 14:02:30,136 INFO o.a.j.r.Summariser: summary =   1844 in 00:00:53 =   34.7/s Avg: 11927 Min:   356 Max: 16071 Err:     0 (0.00%)
2022-12-05 14:03:00,001 INFO o.a.j.r.Summariser: summary +   1024 in 00:00:30 =   34.3/s Avg: 14777 Min: 12032 Max: 16834 Err:     0 (0.00%) Active: 500 Started: 500 Finished: 0
2022-12-05 14:03:00,001 INFO o.a.j.r.Summariser: summary =   2868 in 00:01:23 =   34.6/s Avg: 12944 Min:   356 Max: 16834 Err:     0 (0.00%)
2022-12-05 14:03:30,000 INFO o.a.j.r.Summariser: summary +    988 in 00:00:30 =   32.9/s Avg: 14078 Min: 12623 Max: 15886 Err:     0 (0.00%) Active: 500 Started: 500 Finished: 0
2022-12-05 14:03:30,001 INFO o.a.j.r.Summariser: summary =   3856 in 00:01:53 =   34.1/s Avg: 13235 Min:   356 Max: 16834 Err:     0 (0.00%)
2022-12-05 14:04:00,040 INFO o.a.j.r.Summariser: summary +    949 in 00:00:30 =   31.6/s Avg: 15763 Min: 14763 Max: 16933 Err:     0 (0.00%) Active: 500 Started: 500 Finished: 0
2022-12-05 14:04:00,041 INFO o.a.j.r.Summariser: summary =   4805 in 00:02:23 =   33.6/s Avg: 13734 Min:   356 Max: 16933 Err:     0 (0.00%)
2022-12-05 14:04:30,015 INFO o.a.j.r.Summariser: summary +   1046 in 00:00:30 =   34.9/s Avg: 14038 Min: 12075 Max: 15689 Err:     0 (0.00%) Active: 500 Started: 500 Finished: 0
2022-12-05 14:04:30,016 INFO o.a.j.r.Summariser: summary =   5851 in 00:02:53 =   33.8/s Avg: 13789 Min:   356 Max: 16933 Err:     0 (0.00%)
2022-12-05 14:04:31,566 INFO o.a.j.r.ResultCollector: Shutdown hook started
2022-12-05 14:04:31,567 INFO o.a.j.r.ResultCollector: Shutdown hook ended
